2025-04-30 02:04:23,235 - __main__ - INFO - Запуск бота...
2025-04-30 02:04:23,235 - __main__ - ERROR - ❌ Ошибка при запуске бота: Updater.__init__() missing 1 required positional argument: 'update_queue'
Traceback (most recent call last):
  File "/home/avipython/telegram_bot/bot.py", line 101, in <module>
    main()
  File "/home/avipython/telegram_bot/bot.py", line 83, in main
    updater = Updater(TOKEN)
              ^^^^^^^^^^^^^^
TypeError: Updater.__init__() missing 1 required positional argument: 'update_queue'
2025-04-30 02:05:34,432 - __main__ - INFO - Запуск бота...
2025-04-30 02:05:34,445 - __main__ - ERROR - ❌ Ошибка при запуске бота: Updater.__init__() missing 1 required positional argument: 'update_queue'
Traceback (most recent call last):
  File "/home/avipython/telegram_bot/bot.py", line 101, in <module>
    main()
  File "/home/avipython/telegram_bot/bot.py", line 83, in main
    updater = Updater(TOKEN)
              ^^^^^^^^^^^^^^
TypeError: Updater.__init__() missing 1 required positional argument: 'update_queue'
2025-04-30 02:10:39,403 - INFO - ✅ Бот запущен!
2025-04-30 02:10:39,404 - ERROR - ❌ Ошибка при запуске бота: Cannot close a running event loop
Traceback (most recent call last):
  File "/home/avipython/telegram_bot/venv/lib/python3.12/site-packages/telegram/ext/_application.py", line 1042, in __run
    loop.run_until_complete(self._bootstrap_initialize(max_retries=bootstrap_retries))
  File "/usr/lib/python3.12/asyncio/base_events.py", line 663, in run_until_complete
    self._check_running()
  File "/usr/lib/python3.12/asyncio/base_events.py", line 622, in _check_running
    raise RuntimeError('This event loop is already running')
RuntimeError: This event loop is already running

During handling of the above exception, another exception occurred:

Traceback (most recent call last):
  File "/home/avipython/telegram_bot/venv/lib/python3.12/site-packages/telegram/ext/_application.py", line 1067, in __run
    loop.run_until_complete(self.shutdown())
  File "/usr/lib/python3.12/asyncio/base_events.py", line 663, in run_until_complete
    self._check_running()
  File "/usr/lib/python3.12/asyncio/base_events.py", line 622, in _check_running
    raise RuntimeError('This event loop is already running')
RuntimeError: This event loop is already running

During handling of the above exception, another exception occurred:

Traceback (most recent call last):
  File "/home/avipython/telegram_bot/bot.py", line 106, in <module>
    asyncio.run(main())
  File "/usr/lib/python3.12/asyncio/runners.py", line 194, in run
    return runner.run(main)
           ^^^^^^^^^^^^^^^^
  File "/usr/lib/python3.12/asyncio/runners.py", line 118, in run
    return self._loop.run_until_complete(task)
           ^^^^^^^^^^^^^^^^^^^^^^^^^^^^^^^^^^^
  File "/usr/lib/python3.12/asyncio/base_events.py", line 687, in run_until_complete
    return future.result()
           ^^^^^^^^^^^^^^^
  File "/home/avipython/telegram_bot/bot.py", line 101, in main
    await app.run_polling()
          ^^^^^^^^^^^^^^^^^
  File "/home/avipython/telegram_bot/venv/lib/python3.12/site-packages/telegram/ext/_application.py", line 832, in run_polling
    return self.__run(
           ^^^^^^^^^^^
  File "/home/avipython/telegram_bot/venv/lib/python3.12/site-packages/telegram/ext/_application.py", line 1072, in __run
    loop.close()
  File "/usr/lib/python3.12/asyncio/unix_events.py", line 68, in close
    super().close()
  File "/usr/lib/python3.12/asyncio/selector_events.py", line 101, in close
    raise RuntimeError("Cannot close a running event loop")
RuntimeError: Cannot close a running event loop
2025-04-30 02:11:49,086 - INFO - ✅ Бот запущен!
2025-04-30 02:11:49,100 - ERROR - ❌ Ошибка при запуске бота: Cannot close a running event loop
Traceback (most recent call last):
  File "/home/avipython/telegram_bot/venv/lib/python3.12/site-packages/telegram/ext/_application.py", line 1042, in __run
    loop.run_until_complete(self._bootstrap_initialize(max_retries=bootstrap_retries))
  File "/usr/lib/python3.12/asyncio/base_events.py", line 663, in run_until_complete
    self._check_running()
  File "/usr/lib/python3.12/asyncio/base_events.py", line 622, in _check_running
    raise RuntimeError('This event loop is already running')
RuntimeError: This event loop is already running

During handling of the above exception, another exception occurred:

Traceback (most recent call last):
  File "/home/avipython/telegram_bot/venv/lib/python3.12/site-packages/telegram/ext/_application.py", line 1067, in __run
    loop.run_until_complete(self.shutdown())
  File "/usr/lib/python3.12/asyncio/base_events.py", line 663, in run_until_complete
    self._check_running()
  File "/usr/lib/python3.12/asyncio/base_events.py", line 622, in _check_running
    raise RuntimeError('This event loop is already running')
RuntimeError: This event loop is already running

During handling of the above exception, another exception occurred:

Traceback (most recent call last):
  File "/home/avipython/telegram_bot/bot.py", line 106, in <module>
    asyncio.run(main())
  File "/usr/lib/python3.12/asyncio/runners.py", line 194, in run
    return runner.run(main)
           ^^^^^^^^^^^^^^^^
  File "/usr/lib/python3.12/asyncio/runners.py", line 118, in run
    return self._loop.run_until_complete(task)
           ^^^^^^^^^^^^^^^^^^^^^^^^^^^^^^^^^^^
  File "/usr/lib/python3.12/asyncio/base_events.py", line 687, in run_until_complete
    return future.result()
           ^^^^^^^^^^^^^^^
  File "/home/avipython/telegram_bot/bot.py", line 101, in main
    await app.run_polling()
          ^^^^^^^^^^^^^^^^^
  File "/home/avipython/telegram_bot/venv/lib/python3.12/site-packages/telegram/ext/_application.py", line 832, in run_polling
    return self.__run(
           ^^^^^^^^^^^
  File "/home/avipython/telegram_bot/venv/lib/python3.12/site-packages/telegram/ext/_application.py", line 1072, in __run
    loop.close()
  File "/usr/lib/python3.12/asyncio/unix_events.py", line 68, in close
    super().close()
  File "/usr/lib/python3.12/asyncio/selector_events.py", line 101, in close
    raise RuntimeError("Cannot close a running event loop")
RuntimeError: Cannot close a running event loop
2025-04-30 02:17:50,660 - root - INFO - ✅ Бот запущен!
2025-04-30 02:17:50,915 - httpx - INFO - HTTP Request: POST https://api.telegram.org/bot8017633598:AAE0cYuZrUP8NNlRQFjQNEt7hxsgQMXYKxI/getMe "HTTP/1.1 200 OK"
2025-04-30 02:17:50,963 - httpx - INFO - HTTP Request: POST https://api.telegram.org/bot8017633598:AAE0cYuZrUP8NNlRQFjQNEt7hxsgQMXYKxI/deleteWebhook "HTTP/1.1 200 OK"
2025-04-30 02:17:50,964 - telegram.ext.Application - INFO - Application started
2025-04-30 02:17:53,161 - httpx - INFO - HTTP Request: POST https://api.telegram.org/bot8017633598:AAE0cYuZrUP8NNlRQFjQNEt7hxsgQMXYKxI/getUpdates "HTTP/1.1 200 OK"
2025-04-30 02:17:53,235 - httpx - INFO - HTTP Request: POST https://api.telegram.org/bot8017633598:AAE0cYuZrUP8NNlRQFjQNEt7hxsgQMXYKxI/sendMessage "HTTP/1.1 200 OK"
2025-04-30 02:18:03,215 - httpx - INFO - HTTP Request: POST https://api.telegram.org/bot8017633598:AAE0cYuZrUP8NNlRQFjQNEt7hxsgQMXYKxI/getUpdates "HTTP/1.1 200 OK"
2025-04-30 02:18:10,219 - httpx - INFO - HTTP Request: POST https://api.telegram.org/bot8017633598:AAE0cYuZrUP8NNlRQFjQNEt7hxsgQMXYKxI/getUpdates "HTTP/1.1 200 OK"
2025-04-30 02:18:10,378 - httpx - INFO - HTTP Request: POST https://api.telegram.org/bot8017633598:AAE0cYuZrUP8NNlRQFjQNEt7hxsgQMXYKxI/sendMessage "HTTP/1.1 200 OK"
2025-04-30 02:18:10,469 - httpx - INFO - HTTP Request: POST https://api.telegram.org/bot8017633598:AAE0cYuZrUP8NNlRQFjQNEt7hxsgQMXYKxI/sendMessage "HTTP/1.1 200 OK"
2025-04-30 02:18:13,542 - httpx - INFO - HTTP Request: POST https://api.telegram.org/bot8017633598:AAE0cYuZrUP8NNlRQFjQNEt7hxsgQMXYKxI/getUpdates "HTTP/1.1 200 OK"
2025-04-30 02:18:13,543 - telegram.ext.Application - INFO - Application is stopping. This might take a moment.
2025-04-30 02:18:13,543 - telegram.ext.Application - INFO - Application.stop() complete
2025-04-30 02:18:13,794 - root - INFO - ✅ Бот запущен!
2025-04-30 02:18:14,048 - httpx - INFO - HTTP Request: POST https://api.telegram.org/bot8017633598:AAE0cYuZrUP8NNlRQFjQNEt7hxsgQMXYKxI/getMe "HTTP/1.1 200 OK"
2025-04-30 02:18:14,097 - httpx - INFO - HTTP Request: POST https://api.telegram.org/bot8017633598:AAE0cYuZrUP8NNlRQFjQNEt7hxsgQMXYKxI/deleteWebhook "HTTP/1.1 200 OK"
2025-04-30 02:18:14,098 - telegram.ext.Application - INFO - Application started
2025-04-30 02:18:24,245 - httpx - INFO - HTTP Request: POST https://api.telegram.org/bot8017633598:AAE0cYuZrUP8NNlRQFjQNEt7hxsgQMXYKxI/getUpdates "HTTP/1.1 200 OK"
2025-04-30 02:18:34,295 - httpx - INFO - HTTP Request: POST https://api.telegram.org/bot8017633598:AAE0cYuZrUP8NNlRQFjQNEt7hxsgQMXYKxI/getUpdates "HTTP/1.1 200 OK"
2025-04-30 02:18:44,344 - httpx - INFO - HTTP Request: POST https://api.telegram.org/bot8017633598:AAE0cYuZrUP8NNlRQFjQNEt7hxsgQMXYKxI/getUpdates "HTTP/1.1 200 OK"
2025-04-30 02:18:54,393 - httpx - INFO - HTTP Request: POST https://api.telegram.org/bot8017633598:AAE0cYuZrUP8NNlRQFjQNEt7hxsgQMXYKxI/getUpdates "HTTP/1.1 200 OK"
2025-04-30 02:19:04,443 - httpx - INFO - HTTP Request: POST https://api.telegram.org/bot8017633598:AAE0cYuZrUP8NNlRQFjQNEt7hxsgQMXYKxI/getUpdates "HTTP/1.1 200 OK"
2025-04-30 02:19:14,492 - httpx - INFO - HTTP Request: POST https://api.telegram.org/bot8017633598:AAE0cYuZrUP8NNlRQFjQNEt7hxsgQMXYKxI/getUpdates "HTTP/1.1 200 OK"
2025-04-30 02:19:24,541 - httpx - INFO - HTTP Request: POST https://api.telegram.org/bot8017633598:AAE0cYuZrUP8NNlRQFjQNEt7hxsgQMXYKxI/getUpdates "HTTP/1.1 200 OK"
2025-04-30 02:19:34,592 - httpx - INFO - HTTP Request: POST https://api.telegram.org/bot8017633598:AAE0cYuZrUP8NNlRQFjQNEt7hxsgQMXYKxI/getUpdates "HTTP/1.1 200 OK"
2025-04-30 02:19:44,641 - httpx - INFO - HTTP Request: POST https://api.telegram.org/bot8017633598:AAE0cYuZrUP8NNlRQFjQNEt7hxsgQMXYKxI/getUpdates "HTTP/1.1 200 OK"
2025-04-30 02:19:54,691 - httpx - INFO - HTTP Request: POST https://api.telegram.org/bot8017633598:AAE0cYuZrUP8NNlRQFjQNEt7hxsgQMXYKxI/getUpdates "HTTP/1.1 200 OK"
2025-04-30 02:20:04,740 - httpx - INFO - HTTP Request: POST https://api.telegram.org/bot8017633598:AAE0cYuZrUP8NNlRQFjQNEt7hxsgQMXYKxI/getUpdates "HTTP/1.1 200 OK"
2025-04-30 02:20:14,790 - httpx - INFO - HTTP Request: POST https://api.telegram.org/bot8017633598:AAE0cYuZrUP8NNlRQFjQNEt7hxsgQMXYKxI/getUpdates "HTTP/1.1 200 OK"
2025-04-30 02:20:24,839 - httpx - INFO - HTTP Request: POST https://api.telegram.org/bot8017633598:AAE0cYuZrUP8NNlRQFjQNEt7hxsgQMXYKxI/getUpdates "HTTP/1.1 200 OK"
2025-04-30 02:20:34,890 - httpx - INFO - HTTP Request: POST https://api.telegram.org/bot8017633598:AAE0cYuZrUP8NNlRQFjQNEt7hxsgQMXYKxI/getUpdates "HTTP/1.1 200 OK"
2025-04-30 02:20:44,940 - httpx - INFO - HTTP Request: POST https://api.telegram.org/bot8017633598:AAE0cYuZrUP8NNlRQFjQNEt7hxsgQMXYKxI/getUpdates "HTTP/1.1 200 OK"
2025-04-30 02:20:47,697 - httpx - INFO - HTTP Request: POST https://api.telegram.org/bot8017633598:AAE0cYuZrUP8NNlRQFjQNEt7hxsgQMXYKxI/getUpdates "HTTP/1.1 200 OK"
2025-04-30 02:20:47,862 - httpx - INFO - HTTP Request: POST https://api.telegram.org/bot8017633598:AAE0cYuZrUP8NNlRQFjQNEt7hxsgQMXYKxI/sendMessage "HTTP/1.1 200 OK"
2025-04-30 02:20:49,624 - httpx - INFO - HTTP Request: POST https://api.telegram.org/bot8017633598:AAE0cYuZrUP8NNlRQFjQNEt7hxsgQMXYKxI/getUpdates "HTTP/1.1 200 OK"
2025-04-30 02:20:49,699 - httpx - INFO - HTTP Request: POST https://api.telegram.org/bot8017633598:AAE0cYuZrUP8NNlRQFjQNEt7hxsgQMXYKxI/sendMessage "HTTP/1.1 200 OK"
2025-04-30 02:20:49,792 - httpx - INFO - HTTP Request: POST https://api.telegram.org/bot8017633598:AAE0cYuZrUP8NNlRQFjQNEt7hxsgQMXYKxI/sendMessage "HTTP/1.1 200 OK"
2025-04-30 02:20:52,860 - httpx - INFO - HTTP Request: POST https://api.telegram.org/bot8017633598:AAE0cYuZrUP8NNlRQFjQNEt7hxsgQMXYKxI/getUpdates "HTTP/1.1 200 OK"
2025-04-30 02:20:52,860 - telegram.ext.Application - INFO - Application is stopping. This might take a moment.
2025-04-30 02:20:52,861 - telegram.ext.Application - INFO - Application.stop() complete
2025-04-30 02:20:53,361 - httpx - INFO - HTTP Request: POST https://api.telegram.org/bot8017633598:AAE0cYuZrUP8NNlRQFjQNEt7hxsgQMXYKxI/getMe "HTTP/1.1 200 OK"
2025-04-30 02:20:53,412 - httpx - INFO - HTTP Request: POST https://api.telegram.org/bot8017633598:AAE0cYuZrUP8NNlRQFjQNEt7hxsgQMXYKxI/deleteWebhook "HTTP/1.1 200 OK"
2025-04-30 02:20:53,413 - telegram.ext.Application - INFO - Application started
2025-04-30 02:21:03,556 - httpx - INFO - HTTP Request: POST https://api.telegram.org/bot8017633598:AAE0cYuZrUP8NNlRQFjQNEt7hxsgQMXYKxI/getUpdates "HTTP/1.1 200 OK"
2025-04-30 02:21:13,606 - httpx - INFO - HTTP Request: POST https://api.telegram.org/bot8017633598:AAE0cYuZrUP8NNlRQFjQNEt7hxsgQMXYKxI/getUpdates "HTTP/1.1 200 OK"
2025-04-30 02:21:23,654 - httpx - INFO - HTTP Request: POST https://api.telegram.org/bot8017633598:AAE0cYuZrUP8NNlRQFjQNEt7hxsgQMXYKxI/getUpdates "HTTP/1.1 200 OK"
2025-04-30 02:21:33,704 - httpx - INFO - HTTP Request: POST https://api.telegram.org/bot8017633598:AAE0cYuZrUP8NNlRQFjQNEt7hxsgQMXYKxI/getUpdates "HTTP/1.1 200 OK"
2025-04-30 02:21:43,754 - httpx - INFO - HTTP Request: POST https://api.telegram.org/bot8017633598:AAE0cYuZrUP8NNlRQFjQNEt7hxsgQMXYKxI/getUpdates "HTTP/1.1 200 OK"
2025-04-30 02:21:53,802 - httpx - INFO - HTTP Request: POST https://api.telegram.org/bot8017633598:AAE0cYuZrUP8NNlRQFjQNEt7hxsgQMXYKxI/getUpdates "HTTP/1.1 200 OK"
2025-04-30 02:22:03,851 - httpx - INFO - HTTP Request: POST https://api.telegram.org/bot8017633598:AAE0cYuZrUP8NNlRQFjQNEt7hxsgQMXYKxI/getUpdates "HTTP/1.1 200 OK"
2025-04-30 02:22:13,900 - httpx - INFO - HTTP Request: POST https://api.telegram.org/bot8017633598:AAE0cYuZrUP8NNlRQFjQNEt7hxsgQMXYKxI/getUpdates "HTTP/1.1 200 OK"
2025-04-30 02:22:23,948 - httpx - INFO - HTTP Request: POST https://api.telegram.org/bot8017633598:AAE0cYuZrUP8NNlRQFjQNEt7hxsgQMXYKxI/getUpdates "HTTP/1.1 200 OK"
2025-04-30 02:22:34,001 - httpx - INFO - HTTP Request: POST https://api.telegram.org/bot8017633598:AAE0cYuZrUP8NNlRQFjQNEt7hxsgQMXYKxI/getUpdates "HTTP/1.1 200 OK"
2025-04-30 02:22:44,050 - httpx - INFO - HTTP Request: POST https://api.telegram.org/bot8017633598:AAE0cYuZrUP8NNlRQFjQNEt7hxsgQMXYKxI/getUpdates "HTTP/1.1 200 OK"
2025-04-30 02:22:54,099 - httpx - INFO - HTTP Request: POST https://api.telegram.org/bot8017633598:AAE0cYuZrUP8NNlRQFjQNEt7hxsgQMXYKxI/getUpdates "HTTP/1.1 200 OK"
2025-04-30 02:23:04,152 - httpx - INFO - HTTP Request: POST https://api.telegram.org/bot8017633598:AAE0cYuZrUP8NNlRQFjQNEt7hxsgQMXYKxI/getUpdates "HTTP/1.1 200 OK"
2025-04-30 02:23:14,202 - httpx - INFO - HTTP Request: POST https://api.telegram.org/bot8017633598:AAE0cYuZrUP8NNlRQFjQNEt7hxsgQMXYKxI/getUpdates "HTTP/1.1 200 OK"
2025-04-30 02:23:24,256 - httpx - INFO - HTTP Request: POST https://api.telegram.org/bot8017633598:AAE0cYuZrUP8NNlRQFjQNEt7hxsgQMXYKxI/getUpdates "HTTP/1.1 200 OK"
2025-04-30 02:23:34,308 - httpx - INFO - HTTP Request: POST https://api.telegram.org/bot8017633598:AAE0cYuZrUP8NNlRQFjQNEt7hxsgQMXYKxI/getUpdates "HTTP/1.1 200 OK"
2025-04-30 02:23:44,357 - httpx - INFO - HTTP Request: POST https://api.telegram.org/bot8017633598:AAE0cYuZrUP8NNlRQFjQNEt7hxsgQMXYKxI/getUpdates "HTTP/1.1 200 OK"
2025-04-30 02:23:50,672 - httpx - INFO - HTTP Request: POST https://api.telegram.org/bot8017633598:AAE0cYuZrUP8NNlRQFjQNEt7hxsgQMXYKxI/getUpdates "HTTP/1.1 200 OK"
2025-04-30 02:23:50,673 - telegram.ext.Application - INFO - Application is stopping. This might take a moment.
2025-04-30 02:23:50,673 - telegram.ext.Application - INFO - Application.stop() complete
2025-04-30 02:23:51,179 - httpx - INFO - HTTP Request: POST https://api.telegram.org/bot8017633598:AAE0cYuZrUP8NNlRQFjQNEt7hxsgQMXYKxI/getMe "HTTP/1.1 200 OK"
2025-04-30 02:23:51,228 - httpx - INFO - HTTP Request: POST https://api.telegram.org/bot8017633598:AAE0cYuZrUP8NNlRQFjQNEt7hxsgQMXYKxI/deleteWebhook "HTTP/1.1 200 OK"
2025-04-30 02:23:51,229 - telegram.ext.Application - INFO - Application started
2025-04-30 02:23:56,214 - httpx - INFO - HTTP Request: POST https://api.telegram.org/bot8017633598:AAE0cYuZrUP8NNlRQFjQNEt7hxsgQMXYKxI/getUpdates "HTTP/1.1 200 OK"
2025-04-30 02:23:56,283 - httpx - INFO - HTTP Request: POST https://api.telegram.org/bot8017633598:AAE0cYuZrUP8NNlRQFjQNEt7hxsgQMXYKxI/sendMessage "HTTP/1.1 200 OK"
2025-04-30 02:23:57,558 - httpx - INFO - HTTP Request: POST https://api.telegram.org/bot8017633598:AAE0cYuZrUP8NNlRQFjQNEt7hxsgQMXYKxI/getUpdates "HTTP/1.1 200 OK"
2025-04-30 02:23:57,854 - httpx - INFO - HTTP Request: POST https://api.telegram.org/bot8017633598:AAE0cYuZrUP8NNlRQFjQNEt7hxsgQMXYKxI/sendMessage "HTTP/1.1 200 OK"
2025-04-30 02:24:00,105 - httpx - INFO - HTTP Request: POST https://api.telegram.org/bot8017633598:AAE0cYuZrUP8NNlRQFjQNEt7hxsgQMXYKxI/getUpdates "HTTP/1.1 200 OK"
2025-04-30 02:24:00,170 - httpx - INFO - HTTP Request: POST https://api.telegram.org/bot8017633598:AAE0cYuZrUP8NNlRQFjQNEt7hxsgQMXYKxI/sendMessage "HTTP/1.1 200 OK"
2025-04-30 02:24:00,251 - httpx - INFO - HTTP Request: POST https://api.telegram.org/bot8017633598:AAE0cYuZrUP8NNlRQFjQNEt7hxsgQMXYKxI/sendMessage "HTTP/1.1 200 OK"
2025-04-30 02:24:03,332 - httpx - INFO - HTTP Request: POST https://api.telegram.org/bot8017633598:AAE0cYuZrUP8NNlRQFjQNEt7hxsgQMXYKxI/getUpdates "HTTP/1.1 200 OK"
2025-04-30 02:24:03,333 - telegram.ext.Application - INFO - Application is stopping. This might take a moment.
2025-04-30 02:24:03,333 - telegram.ext.Application - INFO - Application.stop() complete
2025-04-30 02:24:03,840 - httpx - INFO - HTTP Request: POST https://api.telegram.org/bot8017633598:AAE0cYuZrUP8NNlRQFjQNEt7hxsgQMXYKxI/getMe "HTTP/1.1 200 OK"
2025-04-30 02:24:03,889 - httpx - INFO - HTTP Request: POST https://api.telegram.org/bot8017633598:AAE0cYuZrUP8NNlRQFjQNEt7hxsgQMXYKxI/deleteWebhook "HTTP/1.1 200 OK"
2025-04-30 02:24:03,890 - telegram.ext.Application - INFO - Application started
2025-04-30 02:24:14,034 - httpx - INFO - HTTP Request: POST https://api.telegram.org/bot8017633598:AAE0cYuZrUP8NNlRQFjQNEt7hxsgQMXYKxI/getUpdates "HTTP/1.1 200 OK"
2025-04-30 02:24:24,083 - httpx - INFO - HTTP Request: POST https://api.telegram.org/bot8017633598:AAE0cYuZrUP8NNlRQFjQNEt7hxsgQMXYKxI/getUpdates "HTTP/1.1 200 OK"
2025-04-30 02:24:30,184 - httpx - INFO - HTTP Request: POST https://api.telegram.org/bot8017633598:AAE0cYuZrUP8NNlRQFjQNEt7hxsgQMXYKxI/getUpdates "HTTP/1.1 200 OK"
2025-04-30 02:24:30,570 - httpx - INFO - HTTP Request: POST https://api.telegram.org/bot8017633598:AAE0cYuZrUP8NNlRQFjQNEt7hxsgQMXYKxI/sendMessage "HTTP/1.1 200 OK"
2025-04-30 02:24:40,453 - httpx - INFO - HTTP Request: POST https://api.telegram.org/bot8017633598:AAE0cYuZrUP8NNlRQFjQNEt7hxsgQMXYKxI/getUpdates "HTTP/1.1 200 OK"
2025-04-30 02:24:50,503 - httpx - INFO - HTTP Request: POST https://api.telegram.org/bot8017633598:AAE0cYuZrUP8NNlRQFjQNEt7hxsgQMXYKxI/getUpdates "HTTP/1.1 200 OK"
2025-04-30 02:25:00,552 - httpx - INFO - HTTP Request: POST https://api.telegram.org/bot8017633598:AAE0cYuZrUP8NNlRQFjQNEt7hxsgQMXYKxI/getUpdates "HTTP/1.1 200 OK"
2025-04-30 02:25:10,601 - httpx - INFO - HTTP Request: POST https://api.telegram.org/bot8017633598:AAE0cYuZrUP8NNlRQFjQNEt7hxsgQMXYKxI/getUpdates "HTTP/1.1 200 OK"
2025-04-30 02:25:20,650 - httpx - INFO - HTTP Request: POST https://api.telegram.org/bot8017633598:AAE0cYuZrUP8NNlRQFjQNEt7hxsgQMXYKxI/getUpdates "HTTP/1.1 200 OK"
2025-04-30 02:25:30,702 - httpx - INFO - HTTP Request: POST https://api.telegram.org/bot8017633598:AAE0cYuZrUP8NNlRQFjQNEt7hxsgQMXYKxI/getUpdates "HTTP/1.1 200 OK"
2025-04-30 02:25:40,750 - httpx - INFO - HTTP Request: POST https://api.telegram.org/bot8017633598:AAE0cYuZrUP8NNlRQFjQNEt7hxsgQMXYKxI/getUpdates "HTTP/1.1 200 OK"
2025-04-30 02:25:50,799 - httpx - INFO - HTTP Request: POST https://api.telegram.org/bot8017633598:AAE0cYuZrUP8NNlRQFjQNEt7hxsgQMXYKxI/getUpdates "HTTP/1.1 200 OK"
2025-04-30 02:26:00,848 - httpx - INFO - HTTP Request: POST https://api.telegram.org/bot8017633598:AAE0cYuZrUP8NNlRQFjQNEt7hxsgQMXYKxI/getUpdates "HTTP/1.1 200 OK"
2025-04-30 02:26:10,897 - httpx - INFO - HTTP Request: POST https://api.telegram.org/bot8017633598:AAE0cYuZrUP8NNlRQFjQNEt7hxsgQMXYKxI/getUpdates "HTTP/1.1 200 OK"
